{"/Users/percyjacks/Coding/projects/Codeabyte/script.js": {"path":"/Users/percyjacks/Coding/projects/Codeabyte/script.js","statementMap":{"0":{"start":{"line":2,"column":15},"end":{"line":2,"column":27}},"1":{"start":{"line":3,"column":16},"end":{"line":3,"column":23}},"2":{"start":{"line":4,"column":18},"end":{"line":4,"column":28}},"3":{"start":{"line":6,"column":0},"end":{"line":6,"column":30}},"4":{"start":{"line":9,"column":17},"end":{"line":14,"column":1}},"5":{"start":{"line":10,"column":19},"end":{"line":10,"column":76}},"6":{"start":{"line":11,"column":19},"end":{"line":11,"column":40}},"7":{"start":{"line":12,"column":15},"end":{"line":12,"column":36}},"8":{"start":{"line":13,"column":2},"end":{"line":13,"column":14}},"9":{"start":{"line":17,"column":18},"end":{"line":22,"column":1}},"10":{"start":{"line":18,"column":19},"end":{"line":18,"column":86}},"11":{"start":{"line":19,"column":19},"end":{"line":19,"column":40}},"12":{"start":{"line":20,"column":15},"end":{"line":20,"column":36}},"13":{"start":{"line":21,"column":2},"end":{"line":21,"column":14}},"14":{"start":{"line":25,"column":20},"end":{"line":46,"column":1}},"15":{"start":{"line":26,"column":20},"end":{"line":26,"column":21}},"16":{"start":{"line":27,"column":16},"end":{"line":27,"column":32}},"17":{"start":{"line":28,"column":2},"end":{"line":28,"column":20}},"18":{"start":{"line":29,"column":2},"end":{"line":44,"column":3}},"19":{"start":{"line":30,"column":18},"end":{"line":30,"column":44}},"20":{"start":{"line":31,"column":4},"end":{"line":43,"column":5}},"21":{"start":{"line":32,"column":29},"end":{"line":32,"column":54}},"22":{"start":{"line":33,"column":6},"end":{"line":42,"column":7}},"23":{"start":{"line":35,"column":25},"end":{"line":35,"column":60}},"24":{"start":{"line":36,"column":8},"end":{"line":41,"column":9}},"25":{"start":{"line":38,"column":10},"end":{"line":38,"column":27}},"26":{"start":{"line":45,"column":2},"end":{"line":45,"column":21}},"27":{"start":{"line":48,"column":0},"end":{"line":48,"column":13}},"28":{"start":{"line":54,"column":15},"end":{"line":64,"column":1}},"29":{"start":{"line":56,"column":2},"end":{"line":63,"column":5}},"30":{"start":{"line":57,"column":4},"end":{"line":62,"column":5}},"31":{"start":{"line":58,"column":6},"end":{"line":61,"column":9}},"32":{"start":{"line":67,"column":22},"end":{"line":77,"column":1}},"33":{"start":{"line":69,"column":22},"end":{"line":69,"column":41}},"34":{"start":{"line":71,"column":2},"end":{"line":76,"column":3}},"35":{"start":{"line":72,"column":4},"end":{"line":72,"column":54}},"36":{"start":{"line":74,"column":4},"end":{"line":74,"column":52}},"37":{"start":{"line":80,"column":0},"end":{"line":80,"column":26}}},"fnMap":{"0":{"name":"(anonymous_0)","decl":{"start":{"line":9,"column":17},"end":{"line":9,"column":18}},"loc":{"start":{"line":9,"column":29},"end":{"line":14,"column":1}},"line":9},"1":{"name":"(anonymous_1)","decl":{"start":{"line":17,"column":18},"end":{"line":17,"column":19}},"loc":{"start":{"line":17,"column":34},"end":{"line":22,"column":1}},"line":17},"2":{"name":"(anonymous_2)","decl":{"start":{"line":25,"column":20},"end":{"line":25,"column":21}},"loc":{"start":{"line":25,"column":32},"end":{"line":46,"column":1}},"line":25},"3":{"name":"(anonymous_3)","decl":{"start":{"line":54,"column":15},"end":{"line":54,"column":16}},"loc":{"start":{"line":54,"column":28},"end":{"line":64,"column":1}},"line":54},"4":{"name":"(anonymous_4)","decl":{"start":{"line":56,"column":40},"end":{"line":56,"column":41}},"loc":{"start":{"line":56,"column":48},"end":{"line":63,"column":3}},"line":56},"5":{"name":"(anonymous_5)","decl":{"start":{"line":67,"column":22},"end":{"line":67,"column":23}},"loc":{"start":{"line":67,"column":34},"end":{"line":77,"column":1}},"line":67}},"branchMap":{"0":{"loc":{"start":{"line":33,"column":6},"end":{"line":42,"column":7}},"type":"if","locations":[{"start":{"line":33,"column":6},"end":{"line":42,"column":7}},{"start":{},"end":{}}],"line":33},"1":{"loc":{"start":{"line":36,"column":8},"end":{"line":41,"column":9}},"type":"if","locations":[{"start":{"line":36,"column":8},"end":{"line":41,"column":9}},{"start":{"line":39,"column":15},"end":{"line":41,"column":9}}],"line":36},"2":{"loc":{"start":{"line":57,"column":4},"end":{"line":62,"column":5}},"type":"if","locations":[{"start":{"line":57,"column":4},"end":{"line":62,"column":5}},{"start":{},"end":{}}],"line":57},"3":{"loc":{"start":{"line":71,"column":2},"end":{"line":76,"column":3}},"type":"if","locations":[{"start":{"line":71,"column":2},"end":{"line":76,"column":3}},{"start":{"line":73,"column":9},"end":{"line":76,"column":3}}],"line":71}},"s":{"0":1,"1":1,"2":1,"3":1,"4":1,"5":2,"6":2,"7":1,"8":0,"9":1,"10":0,"11":0,"12":0,"13":0,"14":1,"15":1,"16":1,"17":0,"18":0,"19":0,"20":0,"21":0,"22":0,"23":0,"24":0,"25":0,"26":0,"27":1,"28":1,"29":0,"30":0,"31":0,"32":1,"33":0,"34":0,"35":0,"36":0,"37":1},"f":{"0":2,"1":0,"2":1,"3":0,"4":0,"5":0},"b":{"0":[0,0],"1":[0,0],"2":[0,0],"3":[0,0]},"_coverageSchema":"1a1c01bbd47fc00a2c39e90264f33305004495a9","hash":"63b5fffb36ca94f05751db64a270a1ef8a05939c"}
}
